Modeline "256x240_50 15.600000KHz 50.000000Hz" 4.898400 256 263 286 314 240 267 269 312   -hsync -vsync
Modeline "256x240_50 15.600000KHz 50.000000Hz" 4.898400 256 263 286 314 240 267 269 312   -hsync -vsync
Modeline "256x240_50 15.600000KHz 50.000000Hz" 4.898400 256 263 286 314 240 267 269 312   -hsync -vsync
Modeline "256x240_50 15.600000KHz 50.000000Hz" 4.898400 256 263 286 314 240 267 269 312   -hsync -vsync
Modeline "256x240_50 15.600000KHz 50.000000Hz" 4.898400 256 263 286 314 240 267 269 312   -hsync -vsync
Modeline "256x240_50 15.600000KHz 50.000000Hz" 4.898400 256 263 286 314 240 267 269 312   -hsync -vsync
Modeline "256x240_50 15.600000KHz 50.000000Hz" 4.898400 256 263 286 314 240 267 269 312   -hsync -vsync
Modeline "256x240_50 15.600000KHz 50.000000Hz" 4.898400 256 263 286 314 240 267 269 312   -hsync -vsync
Modeline "256x240_50 15.600000KHz 50.000000Hz" 4.898400 256 263 286 314 240 267 269 312   -hsync -vsync
Modeline "256x240_50 15.600000KHz 50.000000Hz" 4.898400 256 263 286 314 240 267 269 312   -hsync -vsync
Modeline "256x240_50 15.600000KHz 50.000000Hz" 4.898400 256 263 286 314 240 267 269 312   -hsync -vsync
Modeline "256x240_50 15.600000KHz 50.000000Hz" 4.898400 256 263 286 314 240 267 269 312   -hsync -vsync
Modeline "256x240_50 15.600000KHz 50.000000Hz" 4.898400 256 263 286 314 240 267 269 312   -hsync -vsync
Modeline "256x240_50 15.600000KHz 50.000000Hz" 4.898400 256 263 286 314 240 267 269 312   -hsync -vsync
Modeline "256x240_50 15.600000KHz 50.000000Hz" 4.898400 256 263 286 314 240 267 269 312   -hsync -vsync
Modeline "256x240_50 15.600000KHz 50.000000Hz" 4.898400 256 263 286 314 240 267 269 312   -hsync -vsync
Modeline "256x240_50 15.600000KHz 50.000000Hz" 4.898400 256 263 286 314 240 267 269 312   -hsync -vsync
Modeline "256x240_50 15.600000KHz 50.000000Hz" 4.898400 256 263 286 314 240 267 269 312   -hsync -vsync
Modeline "240x480_50i 15.625000KHz 50.000000Hz" 4.625000 240 247 269 296 480 535 540 625 interlace  -hsync -vsync
Modeline "240x480_50i 15.625000KHz 50.000000Hz" 4.625000 240 247 269 296 480 535 540 625 interlace  -hsync -vsync
Modeline "240x480_50i 15.625000KHz 50.000000Hz" 4.625000 240 247 269 296 480 535 540 625 interlace  -hsync -vsync
